\BOOKMARK [0][-]{Doc-Start}{\376\377\000W\000s\000t\001\031\000p}{}% 1
\BOOKMARK [0][-]{chapter.1}{\376\377\000O\000p\000i\000s\000\040\000g\000r\000y\000\040\000R\000u\000m\000m\000i\000k\000u\000b}{}% 2
\BOOKMARK [1][-]{section.1.1}{\376\377\000G\000r\000a}{chapter.1}% 3
\BOOKMARK [1][-]{section.1.2}{\376\377\000R\000o\000z\000g\000r\000y\000w\000k\000a}{chapter.1}% 4
\BOOKMARK [0][-]{chapter.2}{\376\377\000P\000r\000o\000j\000e\000k\000t\000\040\000s\000e\000r\000w\000i\000s\000u}{}% 5
\BOOKMARK [1][-]{section.2.1}{\376\377\000Z\000a\001\102\000o\001\174\000e\000n\000i\000a}{chapter.2}% 6
\BOOKMARK [1][-]{section.2.2}{\376\377\000P\000r\000z\000y\000p\000a\000d\000k\000i\000\040\000u\001\174\000y\000c\000i\000a\000\040\000i\000\040\000s\000c\000e\000n\000a\000r\000i\000u\000s\000z\000e}{chapter.2}% 7
\BOOKMARK [1][-]{section.2.3}{\376\377\000D\000i\000a\000g\000r\000a\000m\000y\000\040\000k\000l\000a\000s}{chapter.2}% 8
\BOOKMARK [1][-]{section.2.4}{\376\377\000D\000i\000a\000g\000r\000a\000m\000y\000\040\000a\000k\000t\000y\000w\000n\000o\001\133\000c\000i}{chapter.2}% 9
\BOOKMARK [1][-]{section.2.5}{\376\377\000D\000i\000a\000g\000r\000a\000m\000y\000\040\000s\000e\000k\000w\000e\000n\000c\000j\000i}{chapter.2}% 10
\BOOKMARK [1][-]{section.2.6}{\376\377\000D\000i\000a\000g\000r\000a\000m\000y\000\040\000s\000t\000a\000n\000\363\000w}{chapter.2}% 11
\BOOKMARK [1][-]{section.2.7}{\376\377\000P\000r\000o\000j\000e\000k\000t\000\040\000b\000a\000z\000y\000\040\000d\000a\000n\000y\000c\000h}{chapter.2}% 12
\BOOKMARK [1][-]{section.2.8}{\376\377\000O\000p\000i\000s\000\040\000p\000r\000o\000t\000o\000k\000o\001\102\000\363\000w}{chapter.2}% 13
\BOOKMARK [1][-]{section.2.9}{\376\377\000O\000p\000i\000s\000\040\000a\000l\000g\000o\000r\000y\000t\000m\000\363\000w}{chapter.2}% 14
\BOOKMARK [0][-]{chapter.3}{\376\377\000I\000m\000p\000l\000e\000m\000e\000n\000t\000a\000c\000j\000a\000\040\000s\000e\000r\000w\000i\000s\000u}{}% 15
\BOOKMARK [1][-]{section.3.1}{\376\377\000O\000p\000i\000s\000\040\000t\000e\000c\000h\000n\000o\000l\000o\000g\000i\000i}{chapter.3}% 16
\BOOKMARK [1][-]{section.3.2}{\376\377\000O\000m\000\363\000w\000i\000e\000n\000i\000e\000\040\000k\000o\000d\000\363\000w\000\040\001\172\000r\000\363\000d\001\102\000o\000w\000y\000c\000h}{chapter.3}% 17
\BOOKMARK [0][-]{chapter.4}{\376\377\000B\000o\000t}{}% 18
\BOOKMARK [0][-]{chapter*.3}{\376\377\000P\000o\000d\000s\000u\000m\000o\000w\000a\000n\000i\000e}{}% 19
\BOOKMARK [0][-]{chapter*.4}{\376\377\000B\000i\000b\000l\000i\000o\000g\000r\000a\000f\000i\000a}{}% 20
\BOOKMARK [0][-]{appendix.A}{\376\377\000Z\000a\000w\000a\000r\000t\000o\001\133\001\007\000\040\000p\001\102\000y\000t\000y\000\040\000C\000D}{}% 21
